<?xml version="1.0" encoding="UTF-8"?>
<!-- Generated by org.testng.reporters.JUnitReportReporter -->
<testsuite skipped="0" hostname="DESKTOP-L3D1IKQ" name="com.jupiter.testcases.JupiterToysTest" tests="4" failures="0" timestamp="17 Jan 2021 05:54:15 GMT" time="116.180" errors="0">
  <testcase name="verifyErrorOnSubmit" time="24.415" classname="com.jupiter.testcases.JupiterToysTest"/>
  <testcase name="verifySuccessOnSubmit" time="28.876" classname="com.jupiter.testcases.JupiterToysTest"/>
  <testcase name="verifyErrorForInvalidData" time="30.628" classname="com.jupiter.testcases.JupiterToysTest"/>
  <testcase name="verifyItemsInShoppingCart" time="32.261" classname="com.jupiter.testcases.JupiterToysTest"/>
</testsuite> <!-- com.jupiter.testcases.JupiterToysTest -->
