<?xml version="1.0" encoding="UTF-8"?>
<!-- Generated by org.testng.reporters.JUnitReportReporter -->
<testsuite skipped="0" hostname="DESKTOP-L3D1IKQ" name="com.jupiter.testcases.HomePageTest" tests="1" failures="0" timestamp="16 Jan 2021 13:30:18 GMT" time="35.192" errors="0">
  <testcase name="verifyItemsInShoppingCart" time="35.192" classname="com.jupiter.testcases.HomePageTest"/>
</testsuite> <!-- com.jupiter.testcases.HomePageTest -->
